[INFO] 2026-03-10T16:02:59.799Z - Initializing server... 
[INFO] 2026-03-10T16:02:59.800Z - Server started and connected successfully 
[INFO] 2026-03-10T16:02:59.806Z - Richiesta di elenco tools ricevuta 
[INFO] 2026-03-10T16:02:59.806Z - Inizio recupero risorse 
[INFO] 2026-03-10T16:02:59.806Z - Recupero progetti... 
[INFO] 2026-03-10T16:03:00.834Z - Progetti recuperati con successo: 23 progetti 
[INFO] 2026-03-10T16:03:00.835Z - Trovati 23 progetti 
[INFO] 2026-03-10T16:03:00.835Z - Recupero attività... 
[INFO] 2026-03-10T16:03:02.450Z - Attività recuperate con successo: 50 attività 
[INFO] 2026-03-10T16:03:02.450Z - Trovate 50 attività 
[INFO] 2026-03-10T16:03:02.450Z - Restituzione di 101 risorse totali 
[INFO] 2026-03-14T01:44:53.715Z - Initializing server... 
[INFO] 2026-03-14T01:44:53.716Z - Server started and connected successfully 
[INFO] 2026-03-14T01:44:53.723Z - Richiesta di elenco tools ricevuta 
[INFO] 2026-03-14T01:44:53.723Z - Inizio recupero risorse 
[INFO] 2026-03-14T01:44:53.723Z - Recupero progetti... 
[INFO] 2026-03-14T01:44:54.413Z - Progetti recuperati con successo: 23 progetti 
[INFO] 2026-03-14T01:44:54.413Z - Trovati 23 progetti 
[INFO] 2026-03-14T01:44:54.414Z - Recupero attività... 
[INFO] 2026-03-14T01:44:54.927Z - Attività recuperate con successo: 50 attività 
[INFO] 2026-03-14T01:44:54.927Z - Trovate 50 attività 
[INFO] 2026-03-14T01:44:54.927Z - Restituzione di 101 risorse totali 
[INFO] 2026-03-19T03:52:44.123Z - Initializing server... 
[INFO] 2026-03-19T03:52:44.126Z - Server started and connected successfully 
[INFO] 2026-03-19T03:52:44.132Z - Richiesta di elenco tools ricevuta 
[INFO] 2026-03-19T03:52:44.132Z - Inizio recupero risorse 
[INFO] 2026-03-19T03:52:44.132Z - Recupero progetti... 
[INFO] 2026-03-19T03:52:44.735Z - Progetti recuperati con successo: 23 progetti 
[INFO] 2026-03-19T03:52:44.735Z - Trovati 23 progetti 
[INFO] 2026-03-19T03:52:44.735Z - Recupero attività... 
[INFO] 2026-03-19T03:52:45.320Z - Attività recuperate con successo: 50 attività 
[INFO] 2026-03-19T03:52:45.320Z - Trovate 50 attività 
[INFO] 2026-03-19T03:52:45.321Z - Restituzione di 101 risorse totali 
[INFO] 2026-03-20T01:23:10.943Z - Initializing server... 
[INFO] 2026-03-20T01:23:10.945Z - Server started and connected successfully 
[INFO] 2026-03-20T01:23:10.951Z - Richiesta di elenco tools ricevuta 
[INFO] 2026-03-20T01:23:10.951Z - Inizio recupero risorse 
[INFO] 2026-03-20T01:23:10.951Z - Recupero progetti... 
[INFO] 2026-03-20T01:23:11.578Z - Progetti recuperati con successo: 23 progetti 
[INFO] 2026-03-20T01:23:11.578Z - Trovati 23 progetti 
[INFO] 2026-03-20T01:23:11.578Z - Recupero attività... 
[INFO] 2026-03-20T01:23:12.129Z - Attività recuperate con successo: 50 attività 
[INFO] 2026-03-20T01:23:12.129Z - Trovate 50 attività 
[INFO] 2026-03-20T01:23:12.129Z - Restituzione di 101 risorse totali 
